<?xml version="1.0" encoding="UTF-8"?>
<!-- Generated by org.testng.reporters.JUnitReportReporter -->
<testsuite hostname="Sindhu_Zscaler" name="com.zscaler.astyanax.metricsTest.Systemprpetries" tests="1" failures="0" timestamp="11 Sep 2013 21:38:19 GMT" time="0.041" errors="0">
  <testcase name="f" time="0.041" classname="com.zscaler.astyanax.metricsTest.Systemprpetries"/>
</testsuite> <!-- com.zscaler.astyanax.metricsTest.Systemprpetries -->
