<?xml version="1.0" encoding="UTF-8"?>
<!-- Generated by org.testng.reporters.JUnitReportReporter -->
<testsuite hostname="Sindhu_Zscaler" name="com.zscaler.astyanax.metricsTest.EntryPoint" tests="1" failures="0" timestamp="4 Sep 2013 23:25:08 GMT" time="0.829" errors="0">
  <testcase name="test" time="0.829" classname="com.zscaler.astyanax.metricsTest.EntryPoint"/>
</testsuite> <!-- com.zscaler.astyanax.metricsTest.EntryPoint -->
